
The following have been reloaded with a version change:
  1) SciPy-bundle/2020.11-foss-2020b => SciPy-bundle/2021.10-foss-2020b
  2) pybind11/2.6.0-GCCcore-10.2.0 => pybind11/2.7.1-GCCcore-10.2.0

2022-05-04 16:31:24.167620: I tensorflow/stream_executor/platform/default/dso_loader.cc:49] Successfully opened dynamic library libcudart.so.11.0
2022-05-04 16:31:31.129177: I tensorflow/stream_executor/platform/default/dso_loader.cc:49] Successfully opened dynamic library libcuda.so.1
2022-05-04 16:31:31.158602: E tensorflow/stream_executor/cuda/cuda_driver.cc:328] failed call to cuInit: CUDA_ERROR_NO_DEVICE: no CUDA-capable device is detected
2022-05-04 16:31:31.159586: I tensorflow/stream_executor/cuda/cuda_diagnostics.cc:169] retrieving CUDA diagnostic information for host: node024
2022-05-04 16:31:31.160486: I tensorflow/stream_executor/cuda/cuda_diagnostics.cc:176] hostname: node024
2022-05-04 16:31:31.161637: I tensorflow/stream_executor/cuda/cuda_diagnostics.cc:200] libcuda reported version is: 470.86.0
2022-05-04 16:31:31.162478: I tensorflow/stream_executor/cuda/cuda_diagnostics.cc:204] kernel reported version is: 470.86.0
2022-05-04 16:31:31.163313: I tensorflow/stream_executor/cuda/cuda_diagnostics.cc:310] kernel version seems to match DSO: 470.86.0
2022-05-04 16:31:31.513110: I tensorflow/compiler/mlir/mlir_graph_optimization_pass.cc:116] None of the MLIR optimization passes are enabled (registered 2)
2022-05-04 16:31:31.519163: I tensorflow/core/platform/profile_utils/cpu_utils.cc:112] CPU Frequency: 2100000000 Hz
WARNING:tensorflow:AutoGraph could not transform <function Model.make_train_function.<locals>.train_function at 0x14c705fde1f0> and will run it as-is.
Please report this to the TensorFlow team. When filing the bug, set the verbosity to 10 (on Linux, `export AUTOGRAPH_VERBOSITY=10`) and attach the full output.
Cause: unsupported operand type(s) for -: 'NoneType' and 'int'
To silence this warning, decorate the function with @tf.autograph.experimental.do_not_convert
WARNING:tensorflow:AutoGraph could not transform <function Model.make_test_function.<locals>.test_function at 0x14c705aa39d0> and will run it as-is.
Please report this to the TensorFlow team. When filing the bug, set the verbosity to 10 (on Linux, `export AUTOGRAPH_VERBOSITY=10`) and attach the full output.
Cause: unsupported operand type(s) for -: 'NoneType' and 'int'
To silence this warning, decorate the function with @tf.autograph.experimental.do_not_convert
WARNING:tensorflow:AutoGraph could not transform <function Model.make_predict_function.<locals>.predict_function at 0x14c6e8d4f040> and will run it as-is.
Please report this to the TensorFlow team. When filing the bug, set the verbosity to 10 (on Linux, `export AUTOGRAPH_VERBOSITY=10`) and attach the full output.
Cause: unsupported operand type(s) for -: 'NoneType' and 'int'
To silence this warning, decorate the function with @tf.autograph.experimental.do_not_convert
